TN:
SF:/home/runner/work/todo/todo/bin/commands.c
FN:10,join_params
FN:35,add_command_handle
FN:67,list_command_handle
FN:77,show_command_handle
FN:108,delete_command_handle
FN:138,done_command_handle
FN:168,reopen_command_handle
FN:207,command_handle
FNDA:10,reopen_command_handle
FNDA:8,list_command_handle
FNDA:10,add_command_handle
FNDA:10,delete_command_handle
FNDA:58,command_handle
FNDA:10,done_command_handle
FNDA:8,show_command_handle
FNDA:8,join_params
FNF:8
FNH:8
DA:10,8
DA:16,8
DA:17,20
DA:18,12
DA:21,8
DA:22,8
DA:23,8
DA:25,8
DA:26,20
DA:27,12
DA:28,12
DA:29,4
DA:32,8
DA:35,10
DA:37,10
DA:38,10
DA:39,10
DA:41,10
DA:43,2
DA:44,2
DA:47,8
DA:48,8
DA:49,8
DA:50,2
DA:51,2
DA:52,2
DA:55,6
DA:57,6
DA:58,2
DA:59,2
DA:62,4
DA:63,8
DA:64,8
DA:67,8
DA:69,14
DA:70,6
DA:71,6
DA:74,8
DA:77,8
DA:79,8
DA:80,2
DA:81,2
DA:84,6
DA:85,6
DA:87,6
DA:88,2
DA:89,2
DA:92,4
DA:93,4
DA:94,2
DA:95,2
DA:98,4
DA:102,2
DA:103,2
DA:105,2
DA:108,10
DA:110,10
DA:111,2
DA:112,2
DA:114,8
DA:115,8
DA:117,8
DA:118,2
DA:119,2
DA:122,6
DA:123,6
DA:124,2
DA:125,2
DA:128,4
DA:130,4
DA:131,2
DA:132,2
DA:135,2
DA:138,10
DA:140,10
DA:141,2
DA:142,2
DA:144,8
DA:145,8
DA:147,8
DA:148,2
DA:149,2
DA:152,6
DA:153,6
DA:154,2
DA:155,2
DA:158,4
DA:160,4
DA:161,2
DA:162,2
DA:165,2
DA:168,10
DA:170,10
DA:171,2
DA:172,2
DA:174,8
DA:175,8
DA:177,8
DA:178,2
DA:179,2
DA:182,6
DA:183,6
DA:184,2
DA:185,2
DA:188,4
DA:190,4
DA:191,2
DA:192,2
DA:195,2
DA:207,58
DA:209,58
DA:210,58
DA:211,2
DA:212,56
LF:114
LH:114
end_of_record
TN:
SF:/home/runner/work/todo/todo/bin/main.c
FN:35,find_command
FN:46,help
FN:59,get_todo
FN:82,notify
FN:91,error
FN:100,test_main
FNDA:8,find_command
FNDA:6,get_todo
FNDA:2,error
FNDA:10,test_main
FNDA:4,help
FNDA:2,notify
FNF:6
FNH:6
DA:35,8
DA:38,26
DA:39,24
DA:40,6
DA:43,2
DA:46,4
DA:49,4
DA:53,28
DA:54,24
DA:56,4
DA:59,6
DA:61,6
DA:62,6
DA:63,6
DA:65,6
DA:66,6
DA:67,2
DA:68,2
DA:71,4
DA:72,2
DA:73,2
DA:74,2
DA:77,2
DA:78,6
DA:79,6
DA:82,2
DA:86,2
DA:87,2
DA:88,2
DA:89,2
DA:91,2
DA:95,2
DA:96,2
DA:97,2
DA:98,2
DA:100,10
DA:102,10
DA:103,2
DA:106,8
DA:107,8
DA:108,8
DA:110,8
DA:111,8
DA:112,2
DA:113,2
DA:116,6
DA:117,4
DA:119,2
DA:120,2
DA:121,2
DA:123,2
DA:124,2
DA:125,2
DA:126,2
LF:54
LH:54
end_of_record
TN:
SF:/home/runner/work/todo/todo/lib/task.c
FN:8,create_task
FN:28,task_set_completed
FN:35,task_reopen
FN:42,create_new_task
FN:51,destroy_task
FNDA:186,create_task
FNDA:186,destroy_task
FNDA:38,create_new_task
FNDA:8,task_reopen
FNDA:16,task_set_completed
FNF:5
FNH:5
DA:8,186
DA:10,186
DA:11,4
DA:13,182
DA:14,182
DA:16,182
DA:17,182
DA:19,182
DA:20,182
DA:21,180
DA:22,180
DA:24,182
DA:25,182
DA:28,16
DA:30,16
DA:31,14
DA:32,14
DA:33,14
DA:35,8
DA:37,8
DA:38,6
DA:39,6
DA:40,6
DA:42,38
DA:44,38
DA:45,38
DA:46,2
DA:47,36
DA:48,36
DA:51,186
DA:53,186
DA:54,2
DA:55,184
DA:56,184
DA:57,184
DA:58,184
LF:36
LH:36
end_of_record
TN:
SF:/home/runner/work/todo/todo/lib/todo.c
FN:8,load_tasks
FN:13,save_tasks
FN:18,clean_tasks
FN:26,add_task
FN:32,remove_task
FN:48,get_task
FN:70,todo_init
FN:76,todo_load_tasks
FN:83,todo_save_tasks
FN:90,todo_add_task
FN:97,todo_remove_task
FN:105,todo_clean_tasks
FN:113,todo_get_task
FNDA:130,add_task
FNDA:4,remove_task
FNDA:8,todo_get_task
FNDA:138,todo_add_task
FNDA:12,todo_save_tasks
FNDA:46,todo_init
FNDA:10,todo_load_tasks
FNDA:2,load_tasks
FNDA:18,todo_clean_tasks
FNDA:12,todo_remove_task
FNDA:14,clean_tasks
FNDA:4,get_task
FNDA:2,save_tasks
FNF:13
FNH:13
DA:8,2
DA:10,2
DA:13,2
DA:15,2
DA:18,14
DA:20,132
DA:21,118
DA:23,14
DA:24,14
DA:26,130
DA:28,130
DA:29,130
DA:30,130
DA:32,4
DA:34,4
DA:35,6
DA:36,4
DA:37,2
DA:39,4
DA:40,2
DA:41,2
DA:42,4
DA:43,2
DA:45,2
DA:48,4
DA:50,4
DA:51,10
DA:52,8
DA:53,8
DA:54,2
DA:55,2
DA:58,4
DA:70,46
DA:72,46
DA:73,46
DA:74,46
DA:76,10
DA:78,10
DA:79,2
DA:80,8
DA:83,12
DA:85,12
DA:86,2
DA:87,10
DA:90,138
DA:92,138
DA:93,132
DA:94,130
DA:95,130
DA:97,12
DA:99,12
DA:100,6
DA:101,2
DA:102,4
DA:105,18
DA:107,18
DA:108,16
DA:109,2
DA:110,14
DA:113,8
DA:115,8
DA:116,6
DA:117,2
DA:118,4
LF:64
LH:64
end_of_record
TN:
SF:/home/runner/work/todo/todo/lib/todotxt.c
FN:22,todotxt_get_time_from_string
FN:33,todotxt_get_status
FN:51,todotxt_get_duedate_from_desc
FN:70,todotxt_get_project_name_from_desc
FN:101,todotxt_get_priority
FN:112,create_task_from_todotxt
FN:158,create_todotxt_line_from_task
FN:201,load_tasks
FN:226,save_tasks
FN:252,destroy_todotxt
FN:264,create_todotxt
FNDA:50,todotxt_get_time_from_string
FNDA:32,todotxt_get_status
FNDA:8,save_tasks
FNDA:16,create_task_from_todotxt
FNDA:36,todotxt_get_duedate_from_desc
FNDA:16,destroy_todotxt
FNDA:32,todotxt_get_priority
FNDA:20,create_todotxt
FNDA:20,create_todotxt_line_from_task
FNDA:6,load_tasks
FNDA:34,todotxt_get_project_name_from_desc
FNF:11
FNH:11
DA:22,50
DA:24,50
DA:25,44
DA:26,44
DA:27,26
DA:29,18
DA:30,18
DA:33,32
DA:35,32
DA:36,26
DA:37,26
DA:38,6
DA:40,20
DA:41,20
DA:42,10
DA:43,10
DA:44,10
DA:45,4
DA:46,10
DA:47,2
DA:48,8
DA:51,36
DA:53,36
DA:54,30
DA:55,30
DA:56,10
DA:57,20
DA:58,20
DA:59,20
DA:60,16
DA:61,16
DA:62,16
DA:63,10
DA:65,10
DA:66,4
DA:67,6
DA:70,34
DA:72,34
DA:73,32
DA:74,32
DA:75,32
DA:76,32
DA:77,32
DA:78,630
DA:80,606
DA:81,12
DA:82,12
DA:85,594
DA:86,8
DA:88,586
DA:89,12
DA:91,586
DA:92,104
DA:94,32
DA:95,20
DA:96,12
DA:97,12
DA:98,12
DA:101,32
DA:103,32
DA:104,30
DA:105,30
DA:106,2
DA:107,28
DA:108,16
DA:109,12
DA:112,16
DA:114,16
DA:115,2
DA:116,14
DA:117,14
DA:119,14
DA:120,14
DA:121,4
DA:122,4
DA:123,4
DA:126,14
DA:127,14
DA:128,10
DA:130,4
DA:133,14
DA:134,4
DA:136,14
DA:137,14
DA:138,2
DA:139,2
DA:142,14
DA:143,14
DA:144,4
DA:147,14
DA:148,14
DA:149,4
DA:151,14
DA:152,14
DA:154,14
DA:158,20
DA:160,20
DA:161,6
DA:162,14
DA:163,14
DA:164,14
DA:165,14
DA:167,14
DA:168,14
DA:170,14
DA:171,4
DA:172,4
DA:173,4
DA:175,10
DA:176,10
DA:179,14
DA:181,14
DA:182,14
DA:184,14
DA:185,2
DA:186,2
DA:189,14
DA:190,14
DA:192,14
DA:193,14
DA:195,14
DA:196,2
DA:197,14
DA:198,14
DA:201,6
DA:203,6
DA:204,6
DA:205,6
DA:206,6
DA:207,6
DA:208,2
DA:209,4
DA:210,4
DA:211,4
DA:212,6
DA:213,2
DA:214,2
DA:215,2
DA:216,2
DA:217,2
DA:219,4
DA:220,4
DA:221,2
DA:222,4
DA:223,4
DA:226,8
DA:228,8
DA:229,8
DA:230,8
DA:231,2
DA:232,6
DA:233,12
DA:234,8
DA:235,8
DA:236,8
DA:237,2
DA:238,2
DA:239,2
DA:241,8
DA:242,2
DA:243,2
DA:244,2
DA:246,6
DA:248,4
DA:249,4
DA:252,16
DA:254,16
DA:257,16
DA:258,16
DA:259,16
DA:260,16
DA:264,20
DA:266,20
DA:267,2
DA:268,18
DA:269,2
DA:270,16
DA:271,16
DA:272,16
DA:273,16
DA:274,16
DA:275,16
DA:276,16
DA:277,16
LF:184
LH:184
end_of_record
