TN:
SF:/home/runner/work/todo/todo/bin/commands.c
FN:10,join_params
FN:35,add_command_handle
FN:66,list_command_handle
FN:76,show_command_handle
FN:107,delete_command_handle
FN:135,done_command_handle
FN:165,reopen_command_handle
FN:204,command_handle
FNDA:10,reopen_command_handle
FNDA:8,join_params
FNDA:10,done_command_handle
FNDA:58,command_handle
FNDA:10,add_command_handle
FNDA:8,list_command_handle
FNDA:8,show_command_handle
FNDA:10,delete_command_handle
FNF:8
FNH:8
DA:10,8
DA:16,8
DA:17,20
DA:18,12
DA:21,8
DA:22,8
DA:23,8
DA:25,8
DA:26,20
DA:27,12
DA:28,12
DA:29,4
DA:32,8
DA:35,10
DA:37,10
DA:38,10
DA:39,10
DA:41,10
DA:43,2
DA:44,2
DA:47,8
DA:48,8
DA:49,8
DA:50,2
DA:51,2
DA:52,2
DA:55,6
DA:56,2
DA:57,2
DA:58,2
DA:61,4
DA:62,8
DA:63,8
DA:66,8
DA:68,8
DA:69,8
DA:70,14
DA:71,6
DA:73,8
DA:76,8
DA:78,8
DA:79,2
DA:80,2
DA:83,6
DA:84,6
DA:86,6
DA:87,2
DA:88,2
DA:91,4
DA:92,4
DA:93,2
DA:94,2
DA:97,4
DA:101,2
DA:102,2
DA:104,2
DA:107,10
DA:109,10
DA:110,2
DA:111,2
DA:113,8
DA:114,8
DA:116,8
DA:117,2
DA:118,2
DA:121,6
DA:122,6
DA:123,2
DA:124,2
DA:127,4
DA:128,2
DA:129,2
DA:132,2
DA:135,10
DA:137,10
DA:138,2
DA:139,2
DA:141,8
DA:142,8
DA:144,8
DA:145,2
DA:146,2
DA:149,6
DA:150,6
DA:151,2
DA:152,2
DA:155,4
DA:157,4
DA:158,2
DA:159,2
DA:162,2
DA:165,10
DA:167,10
DA:168,2
DA:169,2
DA:171,8
DA:172,8
DA:174,8
DA:175,2
DA:176,2
DA:179,6
DA:180,6
DA:181,2
DA:182,2
DA:185,4
DA:187,4
DA:188,2
DA:189,2
DA:192,2
DA:204,58
DA:206,58
DA:207,58
DA:208,2
DA:209,56
LF:114
LH:114
end_of_record
TN:
SF:/home/runner/work/todo/todo/bin/main.c
FN:35,find_command
FN:46,help
FN:59,get_todo
FN:76,notify
FN:85,error
FN:94,test_main
FNDA:4,get_todo
FNDA:6,find_command
FNDA:4,help
FNDA:2,error
FNDA:2,notify
FNDA:8,test_main
FNF:6
FNH:6
DA:35,6
DA:38,22
DA:39,20
DA:40,4
DA:43,2
DA:46,4
DA:49,4
DA:53,28
DA:54,24
DA:56,4
DA:59,4
DA:61,4
DA:62,4
DA:63,4
DA:65,4
DA:66,4
DA:67,2
DA:68,2
DA:71,2
DA:72,4
DA:73,4
DA:76,2
DA:80,2
DA:81,2
DA:82,2
DA:83,2
DA:85,2
DA:89,2
DA:90,2
DA:91,2
DA:92,2
DA:94,8
DA:96,8
DA:97,2
DA:100,6
DA:101,6
DA:102,6
DA:104,6
DA:105,6
DA:106,2
DA:107,2
DA:110,4
DA:111,2
DA:113,2
DA:114,2
DA:115,2
DA:117,2
DA:118,2
DA:119,2
LF:49
LH:49
end_of_record
TN:
SF:/home/runner/work/todo/todo/lib/task.c
FN:8,create_task
FN:28,task_set_completed
FN:35,task_reopen
FN:42,create_new_task
FN:51,destroy_task
FNDA:8,task_reopen
FNDA:94,destroy_task
FNDA:210,create_task
FNDA:16,task_set_completed
FNDA:40,create_new_task
FNF:5
FNH:5
DA:8,210
DA:10,210
DA:11,4
DA:13,206
DA:14,206
DA:16,206
DA:17,206
DA:19,206
DA:20,206
DA:21,204
DA:22,204
DA:24,206
DA:25,206
DA:28,16
DA:30,16
DA:31,14
DA:32,14
DA:33,14
DA:35,8
DA:37,8
DA:38,6
DA:39,6
DA:40,6
DA:42,40
DA:44,40
DA:45,40
DA:46,2
DA:47,38
DA:48,38
DA:51,94
DA:53,94
DA:54,2
DA:55,92
DA:56,92
DA:57,92
DA:58,92
LF:36
LH:36
end_of_record
TN:
SF:/home/runner/work/todo/todo/lib/todo.c
FN:8,todo_edit_task
FN:21,todo_clean_tasks
FN:32,todo_add_task
FN:45,todo_remove_task
FN:66,todo_get_task
FN:89,todo_init
FN:95,todo_iterator_next
FNDA:8,todo_get_task
FNDA:30,todo_iterator_next
FNDA:34,todo_clean_tasks
FNDA:70,todo_init
FNDA:12,todo_edit_task
FNDA:162,todo_add_task
FNDA:22,todo_remove_task
FNF:7
FNH:7
DA:8,12
DA:10,12
DA:11,4
DA:13,8
DA:14,4
DA:15,4
DA:16,4
DA:18,4
DA:21,34
DA:23,34
DA:24,32
DA:25,20
DA:26,28
DA:27,16
DA:29,12
DA:32,162
DA:34,162
DA:35,12
DA:37,150
DA:38,2
DA:40,148
DA:41,148
DA:42,148
DA:45,22
DA:47,22
DA:48,6
DA:49,16
DA:50,4
DA:51,12
DA:52,14
DA:53,12
DA:54,10
DA:56,12
DA:57,2
DA:58,10
DA:59,12
DA:60,2
DA:62,10
DA:63,10
DA:66,8
DA:68,8
DA:69,6
DA:70,2
DA:71,4
DA:72,10
DA:73,8
DA:74,8
DA:75,2
DA:76,2
DA:79,4
DA:89,70
DA:91,70
DA:92,70
DA:93,70
DA:95,30
DA:97,30
DA:98,28
DA:99,30
DA:100,12
DA:101,12
DA:102,12
DA:103,10
DA:104,10
DA:107,28
LF:64
LH:64
end_of_record
TN:
SF:/home/runner/work/todo/todo/lib/todotxt.c
FN:22,todotxt_get_time_from_string
FN:33,todotxt_get_status
FN:51,todotxt_get_duedate_from_desc
FN:70,todotxt_get_project_name_from_desc
FN:101,todotxt_get_priority
FN:112,create_task_from_todotxt
FN:158,create_todotxt_line_from_task
FN:201,todotxt_load_tasks
FN:226,todotxt_save_tasks
FN:252,destroy_todotxt
FN:264,todotxt_add_task
FN:276,todotxt_edit_task
FN:284,todotxt_remove_task
FN:298,create_todotxt
FNDA:4,todotxt_edit_task
FNDA:16,create_task_from_todotxt
FNDA:36,todotxt_get_duedate_from_desc
FNDA:34,todotxt_get_project_name_from_desc
FNDA:22,todotxt_add_task
FNDA:22,todotxt_save_tasks
FNDA:6,todotxt_remove_task
FNDA:30,create_todotxt_line_from_task
FNDA:32,todotxt_get_priority
FNDA:32,create_todotxt
FNDA:28,destroy_todotxt
FNDA:32,todotxt_get_status
FNDA:28,todotxt_load_tasks
FNDA:50,todotxt_get_time_from_string
FNF:14
FNH:14
DA:22,50
DA:24,50
DA:25,44
DA:26,44
DA:27,26
DA:29,18
DA:30,18
DA:33,32
DA:35,32
DA:36,26
DA:37,26
DA:38,6
DA:40,20
DA:41,20
DA:42,10
DA:43,10
DA:44,10
DA:45,4
DA:46,10
DA:47,2
DA:48,8
DA:51,36
DA:53,36
DA:54,30
DA:55,30
DA:56,10
DA:57,20
DA:58,20
DA:59,20
DA:60,16
DA:61,16
DA:62,16
DA:63,10
DA:65,10
DA:66,4
DA:67,6
DA:70,34
DA:72,34
DA:73,32
DA:74,32
DA:75,32
DA:76,32
DA:77,32
DA:78,630
DA:80,606
DA:81,12
DA:82,12
DA:85,594
DA:86,8
DA:88,586
DA:89,12
DA:91,586
DA:92,104
DA:94,32
DA:95,20
DA:96,12
DA:97,12
DA:98,12
DA:101,32
DA:103,32
DA:104,30
DA:105,30
DA:106,2
DA:107,28
DA:108,16
DA:109,12
DA:112,16
DA:114,16
DA:115,2
DA:116,14
DA:117,14
DA:119,14
DA:120,14
DA:121,4
DA:122,4
DA:123,4
DA:126,14
DA:127,14
DA:128,10
DA:130,4
DA:133,14
DA:134,4
DA:136,14
DA:137,14
DA:138,2
DA:139,2
DA:142,14
DA:143,14
DA:144,4
DA:147,14
DA:148,14
DA:149,4
DA:151,14
DA:152,14
DA:154,14
DA:158,30
DA:160,30
DA:161,6
DA:162,24
DA:163,24
DA:164,24
DA:165,24
DA:167,24
DA:168,24
DA:170,24
DA:171,4
DA:172,4
DA:173,4
DA:175,20
DA:176,20
DA:179,24
DA:181,24
DA:182,24
DA:184,24
DA:185,2
DA:186,2
DA:189,24
DA:190,24
DA:192,24
DA:193,24
DA:195,24
DA:196,2
DA:197,24
DA:198,24
DA:201,28
DA:203,28
DA:204,28
DA:205,28
DA:206,28
DA:207,28
DA:208,2
DA:209,26
DA:210,26
DA:211,26
DA:212,28
DA:213,2
DA:214,2
DA:215,2
DA:216,2
DA:217,2
DA:219,26
DA:220,26
DA:221,2
DA:222,26
DA:223,26
DA:226,22
DA:228,22
DA:229,22
DA:230,22
DA:231,4
DA:232,18
DA:233,34
DA:234,18
DA:235,18
DA:236,18
DA:237,2
DA:238,2
DA:239,2
DA:241,18
DA:242,2
DA:243,2
DA:244,2
DA:246,16
DA:248,16
DA:249,16
DA:252,28
DA:254,28
DA:257,28
DA:258,28
DA:259,28
DA:260,28
DA:261,28
DA:264,22
DA:266,22
DA:267,22
DA:268,6
DA:269,16
DA:270,4
DA:271,4
DA:273,12
DA:276,4
DA:278,4
DA:279,4
DA:280,2
DA:281,2
DA:284,6
DA:286,6
DA:287,6
DA:288,2
DA:289,4
DA:290,2
DA:291,2
DA:293,2
DA:298,32
DA:300,32
DA:301,2
DA:302,30
DA:303,2
DA:304,28
DA:305,28
DA:306,28
DA:307,28
DA:308,28
DA:309,28
DA:310,28
DA:311,28
DA:312,28
DA:313,4
DA:314,4
DA:315,4
DA:317,24
LF:211
LH:211
end_of_record
